INFO 2025-01-24 14:55:45 BaseModelLoader.py: 34] Successfully parsed the model configuration file meta.json!
INFO 2025-01-24 14:55:45 FaceRecModelLoader.py: 31] Successfully loaded the face recognition model!
INFO 2025-01-24 14:56:03 utils.py: 160] NumExpr defaulting to 8 threads.
INFO 2025-01-24 14:56:04 FaceDetModelLoader.py: 16] Start to analyze the face detection model, model path: models, model category: face_detection，model name: face_detection_1.0
INFO 2025-01-24 14:56:04 BaseModelLoader.py: 34] Successfully parsed the model configuration file meta.json!
INFO 2025-01-24 14:56:04 FaceDetModelLoader.py: 34] Successfully loaded the face detection model!
INFO 2025-01-24 14:56:04 FaceAlignModelLoader.py: 16] Start to analyze the face landmark model, model path: models, model category: face_alignment，model name: face_alignment_1.0
INFO 2025-01-24 14:56:04 BaseModelLoader.py: 34] Successfully parsed the model configuration file meta.json!
INFO 2025-01-24 14:56:04 FaceAlignModelLoader.py: 29] Successfully loaded the face landmark model!
INFO 2025-01-24 14:56:04 FaceRecModelLoader.py: 16] Start to analyze the face recognition model, model path: models, model category: face_recognition,model name: face_recognition_1.0
INFO 2025-01-24 14:56:04 BaseModelLoader.py: 34] Successfully parsed the model configuration file meta.json!
INFO 2025-01-24 14:56:04 FaceRecModelLoader.py: 31] Successfully loaded the face recognition model!
INFO 2025-01-24 14:56:16 utils.py: 160] NumExpr defaulting to 8 threads.
INFO 2025-01-24 14:56:16 utils.py: 160] NumExpr defaulting to 8 threads.
INFO 2025-01-24 14:56:16 utils.py: 160] NumExpr defaulting to 8 threads.
INFO 2025-01-24 14:56:17 FaceDetModelLoader.py: 16] Start to analyze the face detection model, model path: models, model category: face_detection，model name: face_detection_1.0
INFO 2025-01-24 14:56:17 BaseModelLoader.py: 34] Successfully parsed the model configuration file meta.json!
INFO 2025-01-24 14:56:17 FaceDetModelLoader.py: 16] Start to analyze the face detection model, model path: models, model category: face_detection，model name: face_detection_1.0
INFO 2025-01-24 14:56:17 BaseModelLoader.py: 34] Successfully parsed the model configuration file meta.json!
INFO 2025-01-24 14:56:17 FaceDetModelLoader.py: 16] Start to analyze the face detection model, model path: models, model category: face_detection，model name: face_detection_1.0
INFO 2025-01-24 14:56:17 BaseModelLoader.py: 34] Successfully parsed the model configuration file meta.json!
INFO 2025-01-24 14:56:17 FaceDetModelLoader.py: 34] Successfully loaded the face detection model!
INFO 2025-01-24 14:56:17 FaceDetModelLoader.py: 34] Successfully loaded the face detection model!
INFO 2025-01-24 14:56:17 FaceAlignModelLoader.py: 16] Start to analyze the face landmark model, model path: models, model category: face_alignment，model name: face_alignment_1.0
INFO 2025-01-24 14:56:17 BaseModelLoader.py: 34] Successfully parsed the model configuration file meta.json!
INFO 2025-01-24 14:56:17 FaceAlignModelLoader.py: 16] Start to analyze the face landmark model, model path: models, model category: face_alignment，model name: face_alignment_1.0
INFO 2025-01-24 14:56:17 BaseModelLoader.py: 34] Successfully parsed the model configuration file meta.json!
INFO 2025-01-24 14:56:17 FaceDetModelLoader.py: 34] Successfully loaded the face detection model!
INFO 2025-01-24 14:56:17 FaceAlignModelLoader.py: 16] Start to analyze the face landmark model, model path: models, model category: face_alignment，model name: face_alignment_1.0
INFO 2025-01-24 14:56:17 BaseModelLoader.py: 34] Successfully parsed the model configuration file meta.json!
INFO 2025-01-24 14:56:17 FaceAlignModelLoader.py: 29] Successfully loaded the face landmark model!
INFO 2025-01-24 14:56:17 FaceAlignModelLoader.py: 29] Successfully loaded the face landmark model!
INFO 2025-01-24 14:56:17 FaceRecModelLoader.py: 16] Start to analyze the face recognition model, model path: models, model category: face_recognition,model name: face_recognition_1.0
INFO 2025-01-24 14:56:17 BaseModelLoader.py: 34] Successfully parsed the model configuration file meta.json!
INFO 2025-01-24 14:56:18 FaceAlignModelLoader.py: 29] Successfully loaded the face landmark model!
INFO 2025-01-24 14:56:18 FaceRecModelLoader.py: 16] Start to analyze the face recognition model, model path: models, model category: face_recognition,model name: face_recognition_1.0
INFO 2025-01-24 14:56:18 BaseModelLoader.py: 34] Successfully parsed the model configuration file meta.json!
INFO 2025-01-24 14:56:18 FaceRecModelLoader.py: 31] Successfully loaded the face recognition model!
INFO 2025-01-24 14:56:18 FaceRecModelLoader.py: 31] Successfully loaded the face recognition model!
INFO 2025-01-24 14:56:18 FaceRecModelLoader.py: 31] Successfully loaded the face recognition model!
INFO 2025-01-24 14:56:27 utils.py: 160] NumExpr defaulting to 8 threads.
INFO 2025-01-24 14:56:27 utils.py: 160] NumExpr defaulting to 8 threads.
INFO 2025-01-24 14:56:27 FaceDetModelLoader.py: 16] Start to analyze the face detection model, model path: models, model category: face_detection，model name: face_detection_1.0
INFO 2025-01-24 14:56:27 BaseModelLoader.py: 34] Successfully parsed the model configuration file meta.json!
INFO 2025-01-24 14:56:27 FaceDetModelLoader.py: 16] Start to analyze the face detection model, model path: models, model category: face_detection，model name: face_detection_1.0
INFO 2025-01-24 14:56:27 BaseModelLoader.py: 34] Successfully parsed the model configuration file meta.json!
INFO 2025-01-24 14:56:27 FaceDetModelLoader.py: 34] Successfully loaded the face detection model!
INFO 2025-01-24 14:56:27 FaceAlignModelLoader.py: 16] Start to analyze the face landmark model, model path: models, model category: face_alignment，model name: face_alignment_1.0
INFO 2025-01-24 14:56:27 BaseModelLoader.py: 34] Successfully parsed the model configuration file meta.json!
INFO 2025-01-24 14:56:27 FaceDetModelLoader.py: 34] Successfully loaded the face detection model!
INFO 2025-01-24 14:56:28 FaceAlignModelLoader.py: 16] Start to analyze the face landmark model, model path: models, model category: face_alignment，model name: face_alignment_1.0
INFO 2025-01-24 14:56:28 BaseModelLoader.py: 34] Successfully parsed the model configuration file meta.json!
INFO 2025-01-24 14:56:28 FaceAlignModelLoader.py: 29] Successfully loaded the face landmark model!
INFO 2025-01-24 14:56:28 FaceRecModelLoader.py: 16] Start to analyze the face recognition model, model path: models, model category: face_recognition,model name: face_recognition_1.0
INFO 2025-01-24 14:56:28 BaseModelLoader.py: 34] Successfully parsed the model configuration file meta.json!
INFO 2025-01-24 14:56:28 FaceAlignModelLoader.py: 29] Successfully loaded the face landmark model!
INFO 2025-01-24 14:56:28 FaceRecModelLoader.py: 16] Start to analyze the face recognition model, model path: models, model category: face_recognition,model name: face_recognition_1.0
INFO 2025-01-24 14:56:28 BaseModelLoader.py: 34] Successfully parsed the model configuration file meta.json!
INFO 2025-01-24 14:56:28 FaceRecModelLoader.py: 31] Successfully loaded the face recognition model!
INFO 2025-01-24 14:56:28 FaceRecModelLoader.py: 31] Successfully loaded the face recognition model!
WARNING 2025-01-24 14:57:57 easyocr.py: 80] Neither CUDA nor MPS are available - defaulting to CPU. Note: This module is much faster with a GPU.
